2025-10-18T00:00:11.160+07:00  INFO 9394 --- [BookingSystem] [restartedMain] c.example.demo.BookingSystemApplication  : Starting BookingSystemApplication using Java 17.0.12 with PID 9394 (/Users/user/backend-java/booking_system/target/classes started by user in /Users/user/backend-java/booking_system)
2025-10-18T00:00:11.178+07:00  INFO 9394 --- [BookingSystem] [restartedMain] c.example.demo.BookingSystemApplication  : No active profile set, falling back to 1 default profile: "default"
2025-10-18T00:00:11.368+07:00  INFO 9394 --- [BookingSystem] [restartedMain] .e.DevToolsPropertyDefaultsPostProcessor : Devtools property defaults active! Set 'spring.devtools.add-properties' to 'false' to disable
2025-10-18T00:00:11.368+07:00  INFO 9394 --- [BookingSystem] [restartedMain] .e.DevToolsPropertyDefaultsPostProcessor : For additional web related logging consider setting the 'logging.level.web' property to 'DEBUG'
2025-10-18T00:00:13.120+07:00  INFO 9394 --- [BookingSystem] [restartedMain] .s.d.r.c.RepositoryConfigurationDelegate : Bootstrapping Spring Data JPA repositories in DEFAULT mode.
2025-10-18T00:00:13.250+07:00  INFO 9394 --- [BookingSystem] [restartedMain] .s.d.r.c.RepositoryConfigurationDelegate : Finished Spring Data repository scanning in 91 ms. Found 1 JPA repository interface.
2025-10-18T00:00:14.306+07:00  INFO 9394 --- [BookingSystem] [restartedMain] o.s.b.w.embedded.tomcat.TomcatWebServer  : Tomcat initialized with port 19090 (http)
2025-10-18T00:00:14.322+07:00  INFO 9394 --- [BookingSystem] [restartedMain] o.apache.catalina.core.StandardService   : Starting service [Tomcat]
2025-10-18T00:00:14.323+07:00  INFO 9394 --- [BookingSystem] [restartedMain] o.apache.catalina.core.StandardEngine    : Starting Servlet engine: [Apache Tomcat/10.1.44]
2025-10-18T00:00:14.384+07:00  INFO 9394 --- [BookingSystem] [restartedMain] o.a.c.c.C.[Tomcat].[localhost].[/]       : Initializing Spring embedded WebApplicationContext
2025-10-18T00:00:14.386+07:00  INFO 9394 --- [BookingSystem] [restartedMain] w.s.c.ServletWebServerApplicationContext : Root WebApplicationContext: initialization completed in 3016 ms
2025-10-18T00:00:14.672+07:00  INFO 9394 --- [BookingSystem] [restartedMain] o.hibernate.jpa.internal.util.LogHelper  : HHH000204: Processing PersistenceUnitInfo [name: default]
2025-10-18T00:00:14.716+07:00  INFO 9394 --- [BookingSystem] [restartedMain] org.hibernate.Version                    : HHH000412: Hibernate ORM core version 6.6.26.Final
2025-10-18T00:00:14.742+07:00  INFO 9394 --- [BookingSystem] [restartedMain] o.h.c.internal.RegionFactoryInitiator    : HHH000026: Second-level cache disabled
2025-10-18T00:00:15.290+07:00  INFO 9394 --- [BookingSystem] [restartedMain] o.s.o.j.p.SpringPersistenceUnitInfo      : No LoadTimeWeaver setup: ignoring JPA class transformer
2025-10-18T00:00:15.330+07:00  INFO 9394 --- [BookingSystem] [restartedMain] com.zaxxer.hikari.HikariDataSource       : HikariPool-1 - Starting...
2025-10-18T00:00:15.797+07:00  INFO 9394 --- [BookingSystem] [restartedMain] com.zaxxer.hikari.pool.HikariPool        : HikariPool-1 - Added connection org.postgresql.jdbc.PgConnection@35454287
2025-10-18T00:00:15.799+07:00  INFO 9394 --- [BookingSystem] [restartedMain] com.zaxxer.hikari.HikariDataSource       : HikariPool-1 - Start completed.
2025-10-18T00:00:15.850+07:00  WARN 9394 --- [BookingSystem] [restartedMain] org.hibernate.orm.deprecation            : HHH90000025: PostgreSQLDialect does not need to be specified explicitly using 'hibernate.dialect' (remove the property setting and it will be selected by default)
2025-10-18T00:00:15.911+07:00  INFO 9394 --- [BookingSystem] [restartedMain] org.hibernate.orm.connections.pooling    : HHH10001005: Database info:
	Database JDBC URL [Connecting through datasource 'HikariDataSource (HikariPool-1)']
	Database driver: undefined/unknown
	Database version: 17.3
	Autocommit mode: undefined/unknown
	Isolation level: undefined/unknown
	Minimum pool size: undefined/unknown
	Maximum pool size: undefined/unknown
2025-10-18T00:00:17.139+07:00  INFO 9394 --- [BookingSystem] [restartedMain] o.h.e.t.j.p.i.JtaPlatformInitiator       : HHH000489: No JTA platform available (set 'hibernate.transaction.jta.platform' to enable JTA platform integration)
2025-10-18T00:00:18.349+07:00  INFO 9394 --- [BookingSystem] [restartedMain] j.LocalContainerEntityManagerFactoryBean : Initialized JPA EntityManagerFactory for persistence unit 'default'
2025-10-18T00:00:19.292+07:00  WARN 9394 --- [BookingSystem] [restartedMain] JpaBaseConfiguration$JpaWebConfiguration : spring.jpa.open-in-view is enabled by default. Therefore, database queries may be performed during view rendering. Explicitly configure spring.jpa.open-in-view to disable this warning
2025-10-18T00:00:19.924+07:00  INFO 9394 --- [BookingSystem] [restartedMain] o.s.b.a.h2.H2ConsoleAutoConfiguration    : H2 console available at '/h2-console'. Database available at 'jdbc:postgresql://localhost:5432/booking_db'
2025-10-18T00:00:20.032+07:00  INFO 9394 --- [BookingSystem] [restartedMain] o.s.b.d.a.OptionalLiveReloadServer       : LiveReload server is running on port 35729
2025-10-18T00:00:20.199+07:00  INFO 9394 --- [BookingSystem] [restartedMain] o.s.b.w.embedded.tomcat.TomcatWebServer  : Tomcat started on port 19090 (http) with context path '/'
2025-10-18T00:00:20.223+07:00  INFO 9394 --- [BookingSystem] [restartedMain] c.example.demo.BookingSystemApplication  : Started BookingSystemApplication in 10.161 seconds (process running for 12.62)
2025-10-18T00:01:11.063+07:00  INFO 9394 --- [BookingSystem] [http-nio-19090-exec-2] o.a.c.c.C.[Tomcat].[localhost].[/]       : Initializing Spring DispatcherServlet 'dispatcherServlet'
2025-10-18T00:01:11.066+07:00  INFO 9394 --- [BookingSystem] [http-nio-19090-exec-2] o.s.web.servlet.DispatcherServlet        : Initializing Servlet 'dispatcherServlet'
2025-10-18T00:01:11.099+07:00  INFO 9394 --- [BookingSystem] [http-nio-19090-exec-2] o.s.web.servlet.DispatcherServlet        : Completed initialization in 32 ms
2025-10-18T00:02:38.545+07:00  INFO 9394 --- [BookingSystem] [SpringApplicationShutdownHook] o.s.b.w.e.tomcat.GracefulShutdown        : Commencing graceful shutdown. Waiting for active requests to complete
2025-10-18T00:02:38.603+07:00  INFO 9394 --- [BookingSystem] [tomcat-shutdown] o.s.b.w.e.tomcat.GracefulShutdown        : Graceful shutdown complete
2025-10-18T00:02:38.623+07:00  INFO 9394 --- [BookingSystem] [SpringApplicationShutdownHook] j.LocalContainerEntityManagerFactoryBean : Closing JPA EntityManagerFactory for persistence unit 'default'
2025-10-18T00:02:38.638+07:00  INFO 9394 --- [BookingSystem] [SpringApplicationShutdownHook] com.zaxxer.hikari.HikariDataSource       : HikariPool-1 - Shutdown initiated...
2025-10-18T00:02:38.644+07:00  INFO 9394 --- [BookingSystem] [SpringApplicationShutdownHook] com.zaxxer.hikari.HikariDataSource       : HikariPool-1 - Shutdown completed.
2025-10-18T00:17:33.724+07:00  INFO 13400 --- [BookingSystem] [main] c.e.demo.BookingSystemApplicationTests   : Starting BookingSystemApplicationTests using Java 17.0.12 with PID 13400 (started by user in /Users/user/backend-java/booking_system)
2025-10-18T00:17:33.726+07:00  INFO 13400 --- [BookingSystem] [main] c.e.demo.BookingSystemApplicationTests   : No active profile set, falling back to 1 default profile: "default"
2025-10-18T00:17:34.929+07:00  INFO 13400 --- [BookingSystem] [main] .s.d.r.c.RepositoryConfigurationDelegate : Bootstrapping Spring Data JPA repositories in DEFAULT mode.
2025-10-18T00:17:35.059+07:00  INFO 13400 --- [BookingSystem] [main] .s.d.r.c.RepositoryConfigurationDelegate : Finished Spring Data repository scanning in 108 ms. Found 1 JPA repository interface.
2025-10-18T00:17:35.890+07:00  INFO 13400 --- [BookingSystem] [main] o.hibernate.jpa.internal.util.LogHelper  : HHH000204: Processing PersistenceUnitInfo [name: default]
2025-10-18T00:17:35.938+07:00  INFO 13400 --- [BookingSystem] [main] org.hibernate.Version                    : HHH000412: Hibernate ORM core version 6.6.26.Final
2025-10-18T00:17:35.979+07:00  INFO 13400 --- [BookingSystem] [main] o.h.c.internal.RegionFactoryInitiator    : HHH000026: Second-level cache disabled
2025-10-18T00:17:36.332+07:00  INFO 13400 --- [BookingSystem] [main] o.s.o.j.p.SpringPersistenceUnitInfo      : No LoadTimeWeaver setup: ignoring JPA class transformer
2025-10-18T00:17:36.364+07:00  INFO 13400 --- [BookingSystem] [main] com.zaxxer.hikari.HikariDataSource       : HikariPool-1 - Starting...
2025-10-18T00:17:36.635+07:00  INFO 13400 --- [BookingSystem] [main] com.zaxxer.hikari.pool.HikariPool        : HikariPool-1 - Added connection org.postgresql.jdbc.PgConnection@3ef2b8e5
2025-10-18T00:17:36.637+07:00  INFO 13400 --- [BookingSystem] [main] com.zaxxer.hikari.HikariDataSource       : HikariPool-1 - Start completed.
2025-10-18T00:17:36.681+07:00  WARN 13400 --- [BookingSystem] [main] org.hibernate.orm.deprecation            : HHH90000025: PostgreSQLDialect does not need to be specified explicitly using 'hibernate.dialect' (remove the property setting and it will be selected by default)
2025-10-18T00:17:36.722+07:00  INFO 13400 --- [BookingSystem] [main] org.hibernate.orm.connections.pooling    : HHH10001005: Database info:
	Database JDBC URL [Connecting through datasource 'HikariDataSource (HikariPool-1)']
	Database driver: undefined/unknown
	Database version: 17.3
	Autocommit mode: undefined/unknown
	Isolation level: undefined/unknown
	Minimum pool size: undefined/unknown
	Maximum pool size: undefined/unknown
2025-10-18T00:17:37.920+07:00  INFO 13400 --- [BookingSystem] [main] o.h.e.t.j.p.i.JtaPlatformInitiator       : HHH000489: No JTA platform available (set 'hibernate.transaction.jta.platform' to enable JTA platform integration)
2025-10-18T00:17:38.447+07:00  INFO 13400 --- [BookingSystem] [main] j.LocalContainerEntityManagerFactoryBean : Initialized JPA EntityManagerFactory for persistence unit 'default'
2025-10-18T00:17:39.197+07:00  WARN 13400 --- [BookingSystem] [main] JpaBaseConfiguration$JpaWebConfiguration : spring.jpa.open-in-view is enabled by default. Therefore, database queries may be performed during view rendering. Explicitly configure spring.jpa.open-in-view to disable this warning
2025-10-18T00:17:40.012+07:00  INFO 13400 --- [BookingSystem] [main] c.e.demo.BookingSystemApplicationTests   : Started BookingSystemApplicationTests in 6.993 seconds (process running for 8.499)
2025-10-18T00:17:41.272+07:00  INFO 13400 --- [BookingSystem] [SpringApplicationShutdownHook] j.LocalContainerEntityManagerFactoryBean : Closing JPA EntityManagerFactory for persistence unit 'default'
2025-10-18T00:17:41.284+07:00  INFO 13400 --- [BookingSystem] [SpringApplicationShutdownHook] com.zaxxer.hikari.HikariDataSource       : HikariPool-1 - Shutdown initiated...
2025-10-18T00:17:41.291+07:00  INFO 13400 --- [BookingSystem] [SpringApplicationShutdownHook] com.zaxxer.hikari.HikariDataSource       : HikariPool-1 - Shutdown completed.
2025-10-18T00:25:04.568+07:00  INFO 15470 --- [BookingSystem] [restartedMain] c.example.demo.BookingSystemApplication  : Starting BookingSystemApplication using Java 17.0.12 with PID 15470 (/Users/user/backend-java/booking_system/target/classes started by user in /Users/user/backend-java/booking_system)
2025-10-18T00:25:04.573+07:00  INFO 15470 --- [BookingSystem] [restartedMain] c.example.demo.BookingSystemApplication  : No active profile set, falling back to 1 default profile: "default"
2025-10-18T00:25:04.707+07:00  INFO 15470 --- [BookingSystem] [restartedMain] .e.DevToolsPropertyDefaultsPostProcessor : Devtools property defaults active! Set 'spring.devtools.add-properties' to 'false' to disable
2025-10-18T00:25:04.710+07:00  INFO 15470 --- [BookingSystem] [restartedMain] .e.DevToolsPropertyDefaultsPostProcessor : For additional web related logging consider setting the 'logging.level.web' property to 'DEBUG'
2025-10-18T00:25:06.292+07:00  INFO 15470 --- [BookingSystem] [restartedMain] .s.d.r.c.RepositoryConfigurationDelegate : Bootstrapping Spring Data JPA repositories in DEFAULT mode.
2025-10-18T00:25:06.431+07:00  INFO 15470 --- [BookingSystem] [restartedMain] .s.d.r.c.RepositoryConfigurationDelegate : Finished Spring Data repository scanning in 108 ms. Found 1 JPA repository interface.
2025-10-18T00:25:07.357+07:00  INFO 15470 --- [BookingSystem] [restartedMain] o.s.b.w.embedded.tomcat.TomcatWebServer  : Tomcat initialized with port 19090 (http)
2025-10-18T00:25:07.376+07:00  INFO 15470 --- [BookingSystem] [restartedMain] o.apache.catalina.core.StandardService   : Starting service [Tomcat]
2025-10-18T00:25:07.377+07:00  INFO 15470 --- [BookingSystem] [restartedMain] o.apache.catalina.core.StandardEngine    : Starting Servlet engine: [Apache Tomcat/10.1.44]
2025-10-18T00:25:07.433+07:00  INFO 15470 --- [BookingSystem] [restartedMain] o.a.c.c.C.[Tomcat].[localhost].[/]       : Initializing Spring embedded WebApplicationContext
2025-10-18T00:25:07.434+07:00  INFO 15470 --- [BookingSystem] [restartedMain] w.s.c.ServletWebServerApplicationContext : Root WebApplicationContext: initialization completed in 2723 ms
2025-10-18T00:25:07.708+07:00  INFO 15470 --- [BookingSystem] [restartedMain] o.hibernate.jpa.internal.util.LogHelper  : HHH000204: Processing PersistenceUnitInfo [name: default]
2025-10-18T00:25:07.763+07:00  INFO 15470 --- [BookingSystem] [restartedMain] org.hibernate.Version                    : HHH000412: Hibernate ORM core version 6.6.26.Final
2025-10-18T00:25:07.791+07:00  INFO 15470 --- [BookingSystem] [restartedMain] o.h.c.internal.RegionFactoryInitiator    : HHH000026: Second-level cache disabled
2025-10-18T00:25:08.331+07:00  INFO 15470 --- [BookingSystem] [restartedMain] o.s.o.j.p.SpringPersistenceUnitInfo      : No LoadTimeWeaver setup: ignoring JPA class transformer
2025-10-18T00:25:08.388+07:00  INFO 15470 --- [BookingSystem] [restartedMain] com.zaxxer.hikari.HikariDataSource       : HikariPool-1 - Starting...
2025-10-18T00:25:08.793+07:00  INFO 15470 --- [BookingSystem] [restartedMain] com.zaxxer.hikari.pool.HikariPool        : HikariPool-1 - Added connection org.postgresql.jdbc.PgConnection@592c6e0c
2025-10-18T00:25:08.795+07:00  INFO 15470 --- [BookingSystem] [restartedMain] com.zaxxer.hikari.HikariDataSource       : HikariPool-1 - Start completed.
2025-10-18T00:25:08.855+07:00  WARN 15470 --- [BookingSystem] [restartedMain] org.hibernate.orm.deprecation            : HHH90000025: PostgreSQLDialect does not need to be specified explicitly using 'hibernate.dialect' (remove the property setting and it will be selected by default)
2025-10-18T00:25:08.928+07:00  INFO 15470 --- [BookingSystem] [restartedMain] org.hibernate.orm.connections.pooling    : HHH10001005: Database info:
	Database JDBC URL [Connecting through datasource 'HikariDataSource (HikariPool-1)']
	Database driver: undefined/unknown
	Database version: 17.3
	Autocommit mode: undefined/unknown
	Isolation level: undefined/unknown
	Minimum pool size: undefined/unknown
	Maximum pool size: undefined/unknown
2025-10-18T00:25:10.122+07:00  INFO 15470 --- [BookingSystem] [restartedMain] o.h.e.t.j.p.i.JtaPlatformInitiator       : HHH000489: No JTA platform available (set 'hibernate.transaction.jta.platform' to enable JTA platform integration)
2025-10-18T00:25:10.556+07:00  INFO 15470 --- [BookingSystem] [restartedMain] j.LocalContainerEntityManagerFactoryBean : Initialized JPA EntityManagerFactory for persistence unit 'default'
2025-10-18T00:25:11.274+07:00  WARN 15470 --- [BookingSystem] [restartedMain] JpaBaseConfiguration$JpaWebConfiguration : spring.jpa.open-in-view is enabled by default. Therefore, database queries may be performed during view rendering. Explicitly configure spring.jpa.open-in-view to disable this warning
2025-10-18T00:25:12.089+07:00  INFO 15470 --- [BookingSystem] [restartedMain] o.s.b.a.h2.H2ConsoleAutoConfiguration    : H2 console available at '/h2-console'. Database available at 'jdbc:postgresql://localhost:5432/booking_db'
2025-10-18T00:25:12.195+07:00  INFO 15470 --- [BookingSystem] [restartedMain] o.s.b.d.a.OptionalLiveReloadServer       : LiveReload server is running on port 35729
2025-10-18T00:25:12.257+07:00  INFO 15470 --- [BookingSystem] [restartedMain] o.s.b.w.embedded.tomcat.TomcatWebServer  : Tomcat started on port 19090 (http) with context path '/'
2025-10-18T00:25:12.279+07:00  INFO 15470 --- [BookingSystem] [restartedMain] c.example.demo.BookingSystemApplication  : Started BookingSystemApplication in 8.558 seconds (process running for 10.526)
2025-10-18T00:25:22.694+07:00  INFO 15470 --- [BookingSystem] [http-nio-19090-exec-2] o.a.c.c.C.[Tomcat].[localhost].[/]       : Initializing Spring DispatcherServlet 'dispatcherServlet'
2025-10-18T00:25:22.696+07:00  INFO 15470 --- [BookingSystem] [http-nio-19090-exec-2] o.s.web.servlet.DispatcherServlet        : Initializing Servlet 'dispatcherServlet'
2025-10-18T00:25:22.706+07:00  INFO 15470 --- [BookingSystem] [http-nio-19090-exec-2] o.s.web.servlet.DispatcherServlet        : Completed initialization in 10 ms
2025-10-18T09:29:32.402+07:00  INFO 15470 --- [BookingSystem] [SpringApplicationShutdownHook] o.s.b.w.e.tomcat.GracefulShutdown        : Commencing graceful shutdown. Waiting for active requests to complete
2025-10-18T09:29:32.541+07:00  INFO 15470 --- [BookingSystem] [tomcat-shutdown] o.s.b.w.e.tomcat.GracefulShutdown        : Graceful shutdown complete
2025-10-18T09:29:32.586+07:00  INFO 15470 --- [BookingSystem] [SpringApplicationShutdownHook] j.LocalContainerEntityManagerFactoryBean : Closing JPA EntityManagerFactory for persistence unit 'default'
2025-10-18T09:29:32.639+07:00  INFO 15470 --- [BookingSystem] [SpringApplicationShutdownHook] com.zaxxer.hikari.HikariDataSource       : HikariPool-1 - Shutdown initiated...
2025-10-18T09:29:32.660+07:00  INFO 15470 --- [BookingSystem] [SpringApplicationShutdownHook] com.zaxxer.hikari.HikariDataSource       : HikariPool-1 - Shutdown completed.
2025-10-18T11:16:38.591+07:00  INFO 66834 --- [BookingSystem] [restartedMain] c.example.demo.BookingSystemApplication  : Starting BookingSystemApplication using Java 17.0.12 with PID 66834 (/Users/user/backend-java/booking_system/target/classes started by user in /Users/user/backend-java/booking_system)
2025-10-18T11:16:38.596+07:00  INFO 66834 --- [BookingSystem] [restartedMain] c.example.demo.BookingSystemApplication  : No active profile set, falling back to 1 default profile: "default"
2025-10-18T11:16:38.732+07:00  INFO 66834 --- [BookingSystem] [restartedMain] .e.DevToolsPropertyDefaultsPostProcessor : Devtools property defaults active! Set 'spring.devtools.add-properties' to 'false' to disable
2025-10-18T11:16:38.735+07:00  INFO 66834 --- [BookingSystem] [restartedMain] .e.DevToolsPropertyDefaultsPostProcessor : For additional web related logging consider setting the 'logging.level.web' property to 'DEBUG'
2025-10-18T11:16:41.559+07:00  INFO 66834 --- [BookingSystem] [restartedMain] .s.d.r.c.RepositoryConfigurationDelegate : Bootstrapping Spring Data JPA repositories in DEFAULT mode.
2025-10-18T11:16:41.795+07:00  INFO 66834 --- [BookingSystem] [restartedMain] .s.d.r.c.RepositoryConfigurationDelegate : Finished Spring Data repository scanning in 158 ms. Found 1 JPA repository interface.
2025-10-18T11:16:43.028+07:00  INFO 66834 --- [BookingSystem] [restartedMain] o.s.b.w.embedded.tomcat.TomcatWebServer  : Tomcat initialized with port 19090 (http)
2025-10-18T11:16:43.049+07:00  INFO 66834 --- [BookingSystem] [restartedMain] o.apache.catalina.core.StandardService   : Starting service [Tomcat]
2025-10-18T11:16:43.050+07:00  INFO 66834 --- [BookingSystem] [restartedMain] o.apache.catalina.core.StandardEngine    : Starting Servlet engine: [Apache Tomcat/10.1.44]
2025-10-18T11:16:43.110+07:00  INFO 66834 --- [BookingSystem] [restartedMain] o.a.c.c.C.[Tomcat].[localhost].[/]       : Initializing Spring embedded WebApplicationContext
2025-10-18T11:16:43.111+07:00  INFO 66834 --- [BookingSystem] [restartedMain] w.s.c.ServletWebServerApplicationContext : Root WebApplicationContext: initialization completed in 4374 ms
2025-10-18T11:16:43.471+07:00  INFO 66834 --- [BookingSystem] [restartedMain] o.hibernate.jpa.internal.util.LogHelper  : HHH000204: Processing PersistenceUnitInfo [name: default]
2025-10-18T11:16:43.534+07:00  INFO 66834 --- [BookingSystem] [restartedMain] org.hibernate.Version                    : HHH000412: Hibernate ORM core version 6.6.26.Final
2025-10-18T11:16:43.567+07:00  INFO 66834 --- [BookingSystem] [restartedMain] o.h.c.internal.RegionFactoryInitiator    : HHH000026: Second-level cache disabled
2025-10-18T11:16:44.295+07:00  INFO 66834 --- [BookingSystem] [restartedMain] o.s.o.j.p.SpringPersistenceUnitInfo      : No LoadTimeWeaver setup: ignoring JPA class transformer
2025-10-18T11:16:44.354+07:00  INFO 66834 --- [BookingSystem] [restartedMain] com.zaxxer.hikari.HikariDataSource       : HikariPool-1 - Starting...
2025-10-18T11:16:45.491+07:00  INFO 66834 --- [BookingSystem] [restartedMain] com.zaxxer.hikari.pool.HikariPool        : HikariPool-1 - Added connection org.postgresql.jdbc.PgConnection@592c6e0c
2025-10-18T11:16:45.494+07:00  INFO 66834 --- [BookingSystem] [restartedMain] com.zaxxer.hikari.HikariDataSource       : HikariPool-1 - Start completed.
2025-10-18T11:16:45.587+07:00  WARN 66834 --- [BookingSystem] [restartedMain] org.hibernate.orm.deprecation            : HHH90000025: PostgreSQLDialect does not need to be specified explicitly using 'hibernate.dialect' (remove the property setting and it will be selected by default)
2025-10-18T11:16:45.654+07:00  INFO 66834 --- [BookingSystem] [restartedMain] org.hibernate.orm.connections.pooling    : HHH10001005: Database info:
	Database JDBC URL [Connecting through datasource 'HikariDataSource (HikariPool-1)']
	Database driver: undefined/unknown
	Database version: 17.3
	Autocommit mode: undefined/unknown
	Isolation level: undefined/unknown
	Minimum pool size: undefined/unknown
	Maximum pool size: undefined/unknown
2025-10-18T11:16:47.230+07:00  INFO 66834 --- [BookingSystem] [restartedMain] o.h.e.t.j.p.i.JtaPlatformInitiator       : HHH000489: No JTA platform available (set 'hibernate.transaction.jta.platform' to enable JTA platform integration)
2025-10-18T11:16:47.909+07:00  INFO 66834 --- [BookingSystem] [restartedMain] j.LocalContainerEntityManagerFactoryBean : Initialized JPA EntityManagerFactory for persistence unit 'default'
2025-10-18T11:16:48.643+07:00  WARN 66834 --- [BookingSystem] [restartedMain] JpaBaseConfiguration$JpaWebConfiguration : spring.jpa.open-in-view is enabled by default. Therefore, database queries may be performed during view rendering. Explicitly configure spring.jpa.open-in-view to disable this warning
2025-10-18T11:16:49.547+07:00  INFO 66834 --- [BookingSystem] [restartedMain] o.s.b.a.h2.H2ConsoleAutoConfiguration    : H2 console available at '/h2-console'. Database available at 'jdbc:postgresql://localhost:5432/booking_db'
2025-10-18T11:16:49.699+07:00  INFO 66834 --- [BookingSystem] [restartedMain] o.s.b.d.a.OptionalLiveReloadServer       : LiveReload server is running on port 35729
2025-10-18T11:16:49.771+07:00  INFO 66834 --- [BookingSystem] [restartedMain] o.s.b.w.embedded.tomcat.TomcatWebServer  : Tomcat started on port 19090 (http) with context path '/'
2025-10-18T11:16:49.791+07:00  INFO 66834 --- [BookingSystem] [restartedMain] c.example.demo.BookingSystemApplication  : Started BookingSystemApplication in 12.446 seconds (process running for 14.499)
2025-10-18T11:16:54.130+07:00  INFO 66834 --- [BookingSystem] [http-nio-19090-exec-2] o.a.c.c.C.[Tomcat].[localhost].[/]       : Initializing Spring DispatcherServlet 'dispatcherServlet'
2025-10-18T11:16:54.132+07:00  INFO 66834 --- [BookingSystem] [http-nio-19090-exec-2] o.s.web.servlet.DispatcherServlet        : Initializing Servlet 'dispatcherServlet'
2025-10-18T11:16:54.139+07:00  INFO 66834 --- [BookingSystem] [http-nio-19090-exec-2] o.s.web.servlet.DispatcherServlet        : Completed initialization in 6 ms
2025-10-18T11:30:41.220+07:00  INFO 66834 --- [BookingSystem] [SpringApplicationShutdownHook] o.s.b.w.e.tomcat.GracefulShutdown        : Commencing graceful shutdown. Waiting for active requests to complete
2025-10-18T11:30:41.330+07:00  INFO 66834 --- [BookingSystem] [tomcat-shutdown] o.s.b.w.e.tomcat.GracefulShutdown        : Graceful shutdown complete
2025-10-18T11:30:41.396+07:00  INFO 66834 --- [BookingSystem] [SpringApplicationShutdownHook] j.LocalContainerEntityManagerFactoryBean : Closing JPA EntityManagerFactory for persistence unit 'default'
2025-10-18T11:30:41.511+07:00  INFO 66834 --- [BookingSystem] [SpringApplicationShutdownHook] com.zaxxer.hikari.HikariDataSource       : HikariPool-1 - Shutdown initiated...
2025-10-18T11:30:41.552+07:00  INFO 66834 --- [BookingSystem] [SpringApplicationShutdownHook] com.zaxxer.hikari.HikariDataSource       : HikariPool-1 - Shutdown completed.
